Started GET "/" for ::1 at 2017-10-25 11:09:20 -0700
DEPRECATION WARNING: ActiveRecord::Base.raise_in_transactional_callbacks= is deprecated, has no effect and will be removed without replacement. (called from block (3 levels) in <class:Railtie> at /var/lib/gems/2.3.0/gems/activerecord-5.0.6/lib/active_record/railtie.rb:113)
Processing by StaticPagesController#index as HTML
  Rendering static_pages/index.html.erb within layouts/application
  Rendered shared/_main_nav.html.erb (0.7ms)
  Rendered shared/_masthead.html.erb (0.2ms)
  Rendered shared/_sections_nav.html.erb (0.2ms)
  Rendered shared/_search_modal.html.erb (0.2ms)
  Rendered shared/_main_content.html.erb (0.2ms)
  Rendered static_pages/index.html.erb within layouts/application (6.6ms)
Completed 200 OK in 517ms (Views: 516.0ms | ActiveRecord: 0.0ms)


Started GET "/assets/application.self-c8671cf9eb16f484cfba7a6a2499a6cef18b6586eeaee363d562fd828ec48ce3.css?body=1" for ::1 at 2017-10-25 11:09:21 -0700
Started GET "/assets/components/sidebar.self-2a1277f850a6fa21e1a974ef5152f177ac05516477d5081d593bb137b3d6808b.js?body=1" for ::1 at 2017-10-25 11:09:21 -0700
Started GET "/assets/components/modal.self-52188644dbb47def5ee35ae02e69eb567ca9b664472357a8a5789dd39032a265.js?body=1" for ::1 at 2017-10-25 11:09:21 -0700
Started GET "/assets/components/dropdown.self-815016af6fab1d5b72abd319213bf62f0c42bab2c585d2e059543ae704a0d74c.js?body=1" for ::1 at 2017-10-25 11:09:21 -0700
Started GET "/assets/jquery.self-bd7ddd393353a8d2480a622e80342adf488fb6006d667e8b42e4c0073393abee.js?body=1" for ::1 at 2017-10-25 11:09:21 -0700
Started GET "/assets/jquery_ujs.self-784a997f6726036b1993eb2217c9cb558e1cbb801c6da88105588c56f13b466a.js?body=1" for ::1 at 2017-10-25 11:09:21 -0700
Started GET "/assets/application.self-f571b9db02bf4ed04c38a6a29072ac382f7d4f47db1fab9817aeadb0d8665235.js?body=1" for ::1 at 2017-10-25 11:09:21 -0700
Started GET "/assets/application.self-c8671cf9eb16f484cfba7a6a2499a6cef18b6586eeaee363d562fd828ec48ce3.css?body=1&livereload=1508955209300" for ::1 at 2017-10-25 11:13:29 -0700
Started GET "/assets/application.self-c8671cf9eb16f484cfba7a6a2499a6cef18b6586eeaee363d562fd828ec48ce3.css?body=1&livereload=1508955209303" for ::1 at 2017-10-25 11:13:29 -0700
Started GET "/assets/application.self-c8671cf9eb16f484cfba7a6a2499a6cef18b6586eeaee363d562fd828ec48ce3.css?body=1&livereload=1508955219417" for ::1 at 2017-10-25 11:13:39 -0700
Started GET "/assets/application.self-c8671cf9eb16f484cfba7a6a2499a6cef18b6586eeaee363d562fd828ec48ce3.css?body=1&livereload=1508955219418" for ::1 at 2017-10-25 11:13:39 -0700
Started GET "/assets/application.self-c8671cf9eb16f484cfba7a6a2499a6cef18b6586eeaee363d562fd828ec48ce3.css?body=1&livereload=1508955245618" for ::1 at 2017-10-25 11:14:05 -0700
Started GET "/assets/application.self-c8671cf9eb16f484cfba7a6a2499a6cef18b6586eeaee363d562fd828ec48ce3.css?body=1&livereload=1508955245621" for ::1 at 2017-10-25 11:14:05 -0700
Started GET "/assets/application.self-c8671cf9eb16f484cfba7a6a2499a6cef18b6586eeaee363d562fd828ec48ce3.css?body=1&livereload=1508955262706" for ::1 at 2017-10-25 11:14:22 -0700
Started GET "/assets/application.self-c8671cf9eb16f484cfba7a6a2499a6cef18b6586eeaee363d562fd828ec48ce3.css?body=1&livereload=1508955262709" for ::1 at 2017-10-25 11:14:22 -0700
Started GET "/assets/application.self-c8671cf9eb16f484cfba7a6a2499a6cef18b6586eeaee363d562fd828ec48ce3.css?body=1&livereload=1508955263248" for ::1 at 2017-10-25 11:14:23 -0700
Started GET "/assets/application.self-c8671cf9eb16f484cfba7a6a2499a6cef18b6586eeaee363d562fd828ec48ce3.css?body=1&livereload=1508955263250" for ::1 at 2017-10-25 11:14:23 -0700
Started GET "/assets/application.self-c8671cf9eb16f484cfba7a6a2499a6cef18b6586eeaee363d562fd828ec48ce3.css?body=1&livereload=1508955269218" for ::1 at 2017-10-25 11:14:29 -0700
Started GET "/assets/application.self-c8671cf9eb16f484cfba7a6a2499a6cef18b6586eeaee363d562fd828ec48ce3.css?body=1&livereload=1508955269220" for ::1 at 2017-10-25 11:14:29 -0700
Started GET "/" for ::1 at 2017-10-25 11:16:02 -0700
Processing by StaticPagesController#index as HTML
  Rendering static_pages/index.html.erb within layouts/application
  Rendered shared/_main_nav.html.erb (1.5ms)
  Rendered shared/_masthead.html.erb (1.3ms)
  Rendered shared/_sections_nav.html.erb (1.4ms)
  Rendered shared/_search_modal.html.erb (1.5ms)
  Rendered shared/_main_content.html.erb (1.2ms)
  Rendered static_pages/index.html.erb within layouts/application (26.2ms)
Completed 200 OK in 72ms (Views: 69.1ms | ActiveRecord: 0.0ms)


Started GET "/assets/application.self-46a9580b54ff3148daf1d88506d31b64aca4b25299b9a459d5a777a7bdf8a511.css?body=1" for ::1 at 2017-10-25 11:16:02 -0700
